[2025-05-23T10:51:07.02 IST] INFO: Server running on port 5000
[2025-05-23T10:51:07.05 IST] INFO: ✅ Redis connected
[2025-07-04T11:16:23.68 IST] INFO: Server running on port 5000
[2025-07-04T11:16:23.74 IST] INFO: ✅ Redis connected
[2025-07-04T11:19:56.70 IST] INFO: Server running on port 5000
[2025-07-04T11:19:56.73 IST] INFO: ✅ Redis connected
[2025-07-04T11:20:13.79 IST] INFO: Server running on port 3000
[2025-07-04T11:20:13.83 IST] INFO: ✅ Redis connected
[2025-07-04T11:21:08.30 IST] INFO: Register attempt for username, mail address: test@gmail.com
[2025-07-04T11:21:08.30 IST] ERROR: Register error for the mailid: test@gmail.com, Table 'node_api.users' doesn't exist
[2025-07-04T11:22:51.43 IST] INFO: Server running on port 3000
[2025-07-04T11:22:51.46 IST] INFO: ✅ Redis connected
[2025-07-04T11:23:03.62 IST] INFO: Register attempt for username, mail address: test@gmail.com
[2025-07-18T11:29:51.44 IST] INFO: Server running on port 3000
[2025-07-18T11:29:51.47 IST] INFO: ✅ Redis connected
[2025-07-18T11:37:12.60 IST] INFO: Profile request for mail ID: undefined
[2025-07-18T15:48:26.05 IST] INFO: Server running on port 3000
[2025-07-18T15:48:26.08 IST] INFO: ✅ Redis connected
[2025-07-18T15:50:52.30 IST] INFO: Server running on port 3000
[2025-07-18T15:50:52.33 IST] INFO: ✅ Redis connected
[2025-07-18T15:51:09.27 IST] INFO: Server running on port 3000
[2025-07-18T15:51:09.30 IST] INFO: ✅ Redis connected
[2025-07-18T15:52:08.95 IST] INFO: Server running on port 3000
[2025-07-18T15:52:08.98 IST] INFO: ✅ Redis connected
[2025-07-18T15:52:33.03 IST] INFO: Server running on port 3000
[2025-07-18T15:52:33.05 IST] INFO: ✅ Redis connected
[2025-07-18T15:52:46.65 IST] INFO: Server running on port 3000
[2025-07-18T15:52:46.67 IST] INFO: ✅ Redis connected
[2025-07-18T15:52:53.28 IST] INFO: Server running on port 3000
[2025-07-18T15:52:53.31 IST] INFO: ✅ Redis connected
